<?xml version="1.0" encoding="UTF-8"?>
<testng-results skipped="0" failed="0" total="1" passed="1">
  <reporter-output>
    <line>
      <![CDATA[<strong>Open Gmail URL.</strong></br>]]>
    </line>
    <line>
      <![CDATA[</br> <i>Gmail opened successfully.</i></br>]]>
    </line>
  </reporter-output>
  <suite name="SuiteName" duration-ms="56968" started-at="2017-09-06T07:47:30Z" finished-at="2017-09-06T07:48:27Z">
    <groups>
    </groups>
    <test name=" TC_1 : To verify user can successfully sign using valid credentials . " duration-ms="56968" started-at="2017-09-06T07:47:30Z" finished-at="2017-09-06T07:48:27Z">
      <class name="com.Framework.signIn.Index.SignInIndex">
        <test-method status="PASS" signature="fetchSuiteConfiguration(org.testng.ITestContext)[pri:0, instance:com.Framework.signIn.Index.SignInIndex@754ba872]" name="fetchSuiteConfiguration" is-config="true" duration-ms="14" started-at="2017-09-06T13:17:30Z" finished-at="2017-09-06T13:17:30Z">
          <params>
            <param index="0">
              <value>
                <![CDATA[org.testng.TestRunner@3012646b]]>
              </value>
            </param>
          </params>
          <reporter-output>
          </reporter-output>
        </test-method> <!-- fetchSuiteConfiguration -->
        <test-method status="PASS" signature="setUp(java.lang.reflect.Method, org.testng.ITestContext)[pri:0, instance:com.Framework.signIn.Index.SignInIndex@754ba872]" name="setUp" is-config="true" duration-ms="46358" started-at="2017-09-06T13:17:30Z" finished-at="2017-09-06T13:18:16Z">
          <params>
            <param index="0">
              <value>
                <![CDATA[public void com.Framework.signIn.Index.SignInIndex.signinGmail()]]>
              </value>
            </param>
            <param index="1">
              <value>
                <![CDATA[org.testng.TestRunner@3012646b]]>
              </value>
            </param>
          </params>
          <reporter-output>
          </reporter-output>
        </test-method> <!-- setUp -->
        <test-method status="PASS" signature="signinGmail()[pri:0, instance:com.Framework.signIn.Index.SignInIndex@754ba872]" name="signinGmail" duration-ms="188" started-at="2017-09-06T13:18:16Z" finished-at="2017-09-06T13:18:17Z">
          <reporter-output>
            <line>
              <![CDATA[<strong>Open Gmail URL.</strong></br>]]>
            </line>
            <line>
              <![CDATA[</br> <i>Gmail opened successfully.</i></br>]]>
            </line>
          </reporter-output>
        </test-method> <!-- signinGmail -->
        <test-method status="PASS" signature="tearDown(org.testng.ITestResult)[pri:0, instance:com.Framework.signIn.Index.SignInIndex@754ba872]" name="tearDown" is-config="true" duration-ms="10381" started-at="2017-09-06T13:18:17Z" finished-at="2017-09-06T13:18:27Z">
          <params>
            <param index="0">
              <value>
                <![CDATA[[TestResult name=signinGmail status=SUCCESS method=SignInIndex.signinGmail()[pri:0, instance:com.Framework.signIn.Index.SignInIndex@754ba872] output=<strong>Open Gmail URL.</strong></br>]]]>
              </value>
            </param>
          </params>
          <reporter-output>
          </reporter-output>
        </test-method> <!-- tearDown -->
        <test-method status="PASS" signature="postConfigue(org.testng.ITestContext)[pri:0, instance:com.Framework.signIn.Index.SignInIndex@754ba872]" name="postConfigue" is-config="true" duration-ms="0" started-at="2017-09-06T13:18:27Z" finished-at="2017-09-06T13:18:27Z">
          <params>
            <param index="0">
              <value>
                <![CDATA[org.testng.TestRunner@3012646b]]>
              </value>
            </param>
          </params>
          <reporter-output>
          </reporter-output>
        </test-method> <!-- postConfigue -->
      </class> <!-- com.Framework.signIn.Index.SignInIndex -->
    </test> <!--  TC_1 : To verify user can successfully sign using valid credentials .  -->
  </suite> <!-- SuiteName -->
</testng-results>
